2019-03-21 00:00:00.428  INFO 3952 --- [scheduling-1] com.foreseers.tj.huanxin.HuanxinJobs     : 更新会员擦子数方法
2019-03-21 00:00:00.489  INFO 3952 --- [scheduling-1] com.foreseers.tj.huanxin.HuanxinJobs     : 现在的时间：00:00:00.489
2019-03-21 00:00:00.499  INFO 3952 --- [scheduling-1] com.zaxxer.hikari.HikariDataSource       : localhost - Starting...
2019-03-21 00:00:00.709  INFO 3952 --- [scheduling-1] com.zaxxer.hikari.HikariDataSource       : localhost - Start completed.
2019-03-21 00:00:00.719  INFO 3952 --- [scheduling-1] c.f.t.s.impl.UserCanumsServiceImpl       : 进入方法
2019-03-21 00:00:00.749 ERROR 3952 --- [scheduling-1] o.s.s.s.TaskUtils$LoggingErrorHandler    : Unexpected error occurred in scheduled task.

org.apache.ibatis.binding.BindingException: Invalid bound statement (not found): com.foreseers.tj.mapper.UserCanumsMapper.selectUserNums
	at org.apache.ibatis.binding.MapperMethod$SqlCommand.<init>(MapperMethod.java:227) ~[mybatis-3.4.6.jar:3.4.6]
	at org.apache.ibatis.binding.MapperMethod.<init>(MapperMethod.java:49) ~[mybatis-3.4.6.jar:3.4.6]
	at org.apache.ibatis.binding.MapperProxy.cachedMapperMethod(MapperProxy.java:65) ~[mybatis-3.4.6.jar:3.4.6]
	at org.apache.ibatis.binding.MapperProxy.invoke(MapperProxy.java:58) ~[mybatis-3.4.6.jar:3.4.6]
	at com.sun.proxy.$Proxy71.selectUserNums(Unknown Source) ~[na:na]
	at com.foreseers.tj.service.impl.UserCanumsServiceImpl.updateUserNums(UserCanumsServiceImpl.java:53) ~[classes/:na]
	at com.foreseers.tj.service.impl.UserCanumsServiceImpl$$FastClassBySpringCGLIB$$8f5d147f.invoke(<generated>) ~[classes/:na]
	at org.springframework.cglib.proxy.MethodProxy.invoke(MethodProxy.java:218) ~[spring-core-5.1.3.RELEASE.jar:5.1.3.RELEASE]
	at org.springframework.aop.framework.CglibAopProxy$CglibMethodInvocation.invokeJoinpoint(CglibAopProxy.java:749) ~[spring-aop-5.1.3.RELEASE.jar:5.1.3.RELEASE]
	at org.springframework.aop.framework.ReflectiveMethodInvocation.proceed(ReflectiveMethodInvocation.java:163) ~[spring-aop-5.1.3.RELEASE.jar:5.1.3.RELEASE]
	at org.springframework.transaction.interceptor.TransactionAspectSupport.invokeWithinTransaction(TransactionAspectSupport.java:294) ~[spring-tx-5.1.3.RELEASE.jar:5.1.3.RELEASE]
	at org.springframework.transaction.interceptor.TransactionInterceptor.invoke(TransactionInterceptor.java:98) ~[spring-tx-5.1.3.RELEASE.jar:5.1.3.RELEASE]
	at org.springframework.aop.framework.ReflectiveMethodInvocation.proceed(ReflectiveMethodInvocation.java:186) ~[spring-aop-5.1.3.RELEASE.jar:5.1.3.RELEASE]
	at org.springframework.aop.framework.CglibAopProxy$DynamicAdvisedInterceptor.intercept(CglibAopProxy.java:688) ~[spring-aop-5.1.3.RELEASE.jar:5.1.3.RELEASE]
	at com.foreseers.tj.service.impl.UserCanumsServiceImpl$$EnhancerBySpringCGLIB$$3c04215c.updateUserNums(<generated>) ~[classes/:na]
	at com.foreseers.tj.huanxin.HuanxinJobs.updateUserNums(HuanxinJobs.java:50) ~[classes/:na]
	at sun.reflect.NativeMethodAccessorImpl.invoke0(Native Method) ~[na:1.8.0_191]
	at sun.reflect.NativeMethodAccessorImpl.invoke(NativeMethodAccessorImpl.java:62) ~[na:1.8.0_191]
	at sun.reflect.DelegatingMethodAccessorImpl.invoke(DelegatingMethodAccessorImpl.java:43) ~[na:1.8.0_191]
	at java.lang.reflect.Method.invoke(Method.java:498) ~[na:1.8.0_191]
	at org.springframework.scheduling.support.ScheduledMethodRunnable.run(ScheduledMethodRunnable.java:84) ~[spring-context-5.1.3.RELEASE.jar:5.1.3.RELEASE]
	at org.springframework.scheduling.support.DelegatingErrorHandlingRunnable.run(DelegatingErrorHandlingRunnable.java:54) ~[spring-context-5.1.3.RELEASE.jar:5.1.3.RELEASE]
	at org.springframework.scheduling.concurrent.ReschedulingRunnable.run(ReschedulingRunnable.java:93) [spring-context-5.1.3.RELEASE.jar:5.1.3.RELEASE]
	at java.util.concurrent.Executors$RunnableAdapter.call(Executors.java:511) [na:1.8.0_191]
	at java.util.concurrent.FutureTask.run(FutureTask.java:266) [na:1.8.0_191]
	at java.util.concurrent.ScheduledThreadPoolExecutor$ScheduledFutureTask.access$201(ScheduledThreadPoolExecutor.java:180) [na:1.8.0_191]
	at java.util.concurrent.ScheduledThreadPoolExecutor$ScheduledFutureTask.run(ScheduledThreadPoolExecutor.java:293) [na:1.8.0_191]
	at java.util.concurrent.ThreadPoolExecutor.runWorker(ThreadPoolExecutor.java:1149) [na:1.8.0_191]
	at java.util.concurrent.ThreadPoolExecutor$Worker.run(ThreadPoolExecutor.java:624) [na:1.8.0_191]
	at java.lang.Thread.run(Thread.java:748) [na:1.8.0_191]

2019-03-21 09:04:34.638  INFO 3952 --- [RMI TCP Connection(2)-127.0.0.1] inMXBeanRegistrar$SpringApplicationAdmin : Application shutdown requested.
2019-03-21 09:04:34.640  INFO 3952 --- [RMI TCP Connection(2)-127.0.0.1] o.s.s.c.ThreadPoolTaskScheduler          : Shutting down ExecutorService 'taskScheduler'
2019-03-21 09:04:34.641  INFO 3952 --- [RMI TCP Connection(2)-127.0.0.1] o.s.s.concurrent.ThreadPoolTaskExecutor  : Shutting down ExecutorService 'applicationTaskExecutor'
2019-03-21 09:04:34.642  INFO 3952 --- [RMI TCP Connection(2)-127.0.0.1] com.zaxxer.hikari.HikariDataSource       : localhost - Shutdown initiated...
2019-03-21 09:04:34.649  INFO 3952 --- [RMI TCP Connection(2)-127.0.0.1] com.zaxxer.hikari.HikariDataSource       : localhost - Shutdown completed.
